<?xml version="1.0" encoding="UTF-8"?>
<!-- Generated by org.testng.reporters.JUnitReportReporter -->
<testsuite hostname="Barbadine.home" name="DequeueTest" tests="1" failures="0" timestamp="14 Apr 2017 09:34:15 GMT" time="0.012" errors="0">
  <testcase name="isEmptyEmptyTest" time="0.012" classname="DequeueTest"/>
</testsuite> <!-- DequeueTest -->
